1682903802565	geckodriver	INFO	Listening on 127.0.0.1:59278
1682903805617	mozrunner::runner	INFO	Running command: "C:\\Program Files\\Mozilla Firefox\\firefox.exe" "--marionette" "--remote-debugging-port" "59279" "--remote-allow-hosts" "localhost" "-no-remote" "-profile" "C:\\Users\\devbr\\AppData\\Local\\Temp\\rust_mozprofileZc1Hof"
console.warn: services.settings: Ignoring preference override of remote settings server
console.warn: services.settings: Allow by setting MOZ_REMOTE_SETTINGS_DEVTOOLS=1 in the environment
1682903806147	Marionette	INFO	Marionette enabled
Dynamically enable window occlusion 0
1682903806155	Marionette	INFO	Listening on port 59289
Read port: 59289
WebDriver BiDi listening on ws://127.0.0.1:59279
1682903806437	RemoteAgent	WARN	TLS certificate errors will be ignored for this session
console.warn: SearchSettings: "get: No settings file exists, new profile?" (new NotFoundError("Could not open the file at C:\\Users\\devbr\\AppData\\Local\\Temp\\rust_mozprofileZc1Hof\\search.json.mozlz4", (void 0)))
[ERROR glean_core] Error setting metrics feature config: Json(Error("EOF while parsing a value", line: 1, column: 0))
DevTools listening on ws://127.0.0.1:59279/devtools/browser/6d38684a-8a66-4a43-bd7b-562ac4149647
JavaScript warning: https://pagead2.googlesyndication.com/bg/hnY7PzTjWh4XksTeMflqXiPWVUSZPNkbpYPulxtDGE8.js line 2 > eval line 2670 > eval line 1 > eval line 1 > eval, line 1: WEBGL_debug_renderer_info is deprecated in Firefox and will be removed. Please use RENDERER.
console.warn: LoginRecipes: "Falling back to a synchronous message for: https://asloterias.com.br."
console.warn: LoginRecipes: "Falling back to a synchronous message for: https://asloterias.com.br."
1682903830701	Marionette	INFO	Stopped listening on port 59289
Dynamically enable window occlusion 1
JavaScript error: , line 0: TypeError: NetworkError when attempting to fetch resource.
JavaScript error: , line 0: TypeError: NetworkError when attempting to fetch resource.
JavaScript error: , line 0: TypeError: NetworkError when attempting to fetch resource.
JavaScript error: , line 0: TypeError: NetworkError when attempting to fetch resource.
JavaScript error: , line 0: TypeError: NetworkError when attempting to fetch resource.
WARNING: A blocker encountered an error while we were waiting.
          Blocker:  Waiting for ping task
          Phase: TelemetryController: Waiting for pending ping activity
          State: (none)
WARNING: Error: Phase "profile-before-change" is finished, it is too late to register completion condition "OS.File: flush I/O queued before profileBeforeChange"
WARNING: addBlocker@resource://gre/modules/AsyncShutdown.sys.mjs:727:15
addBlocker@resource://gre/modules/AsyncShutdown.sys.mjs:523:26
addBlocker@resource://gre/modules/AsyncShutdown.sys.mjs:458:15
setupShutdown@resource://gre/modules/osfile/osfile_async_front.jsm:1548:28
@resource://gre/modules/osfile/osfile_async_front.jsm:1568:16
@resource://gre/modules/osfile.jsm:12:30
@resource://gre/modules/TelemetryStorage.sys.mjs:10:28
_checkPendingPings@resource://gre/modules/TelemetrySend.sys.mjs:863:17
setup@resource://gre/modules/TelemetrySend.sys.mjs:803:18
setup@resource://gre/modules/TelemetrySend.sys.mjs:241:30
setupTelemetry/this._delayedInitTask<@resource://gre/modules/TelemetryControllerParent.sys.mjs:824:36
observe@resource://gre/modules/AsyncShutdown.sys.mjs:576:16

console.error: "TelemetryScheduler.shutdown - Already shut down"
WARNING: A blocker encountered an error while we were waiting.
          Blocker:  Waiting for ping task
          Phase: TelemetryController: Waiting for pending ping activity
          State: (none)
WARNING: Error: Phase "profile-before-change" is finished, it is too late to register completion condition "OS.File: flush I/O queued before profileBeforeChange"
WARNING: addBlocker@resource://gre/modules/AsyncShutdown.sys.mjs:727:15
addBlocker@resource://gre/modules/AsyncShutdown.sys.mjs:523:26
addBlocker@resource://gre/modules/AsyncShutdown.sys.mjs:458:15
setupShutdown@resource://gre/modules/osfile/osfile_async_front.jsm:1548:28
@resource://gre/modules/osfile/osfile_async_front.jsm:1568:16
@resource://gre/modules/osfile.jsm:12:30
@resource://gre/modules/TelemetryStorage.sys.mjs:10:28
_checkPendingPings@resource://gre/modules/TelemetrySend.sys.mjs:863:17
setup@resource://gre/modules/TelemetrySend.sys.mjs:803:18
setup@resource://gre/modules/TelemetrySend.sys.mjs:241:30
setupTelemetry/this._delayedInitTask<@resource://gre/modules/TelemetryControllerParent.sys.mjs:824:36
observe@resource://gre/modules/AsyncShutdown.sys.mjs:576:16

WARNING: A blocker encountered an error while we were waiting.
          Blocker:  Waiting for ping task
          Phase: TelemetryController: Waiting for pending ping activity
          State: (none)
WARNING: Error: Phase "profile-before-change" is finished, it is too late to register completion condition "OS.File: flush I/O queued before profileBeforeChange"
WARNING: addBlocker@resource://gre/modules/AsyncShutdown.sys.mjs:727:15
addBlocker@resource://gre/modules/AsyncShutdown.sys.mjs:523:26
addBlocker@resource://gre/modules/AsyncShutdown.sys.mjs:458:15
setupShutdown@resource://gre/modules/osfile/osfile_async_front.jsm:1548:28
@resource://gre/modules/osfile/osfile_async_front.jsm:1568:16
@resource://gre/modules/osfile.jsm:12:30
@resource://gre/modules/TelemetryStorage.sys.mjs:10:28
_checkPendingPings@resource://gre/modules/TelemetrySend.sys.mjs:863:17
setup@resource://gre/modules/TelemetrySend.sys.mjs:803:18
setup@resource://gre/modules/TelemetrySend.sys.mjs:241:30
setupTelemetry/this._delayedInitTask<@resource://gre/modules/TelemetryControllerParent.sys.mjs:824:36
observe@resource://gre/modules/AsyncShutdown.sys.mjs:576:16

WARNING: A blocker encountered an error while we were waiting.
          Blocker:  TelemetryController: shutting down
          Phase: profile-before-change-telemetry
          State: Error getting state: Error: Phase "profile-before-change" is finished, it is too late to register completion condition "OS.File: flush I/O queued before profileBeforeChange" at addBlocker@resource://gre/modules/AsyncShutdown.sys.mjs:727:15
addBlocker@resource://gre/modules/AsyncShutdown.sys.mjs:523:26
addBlocker@resource://gre/modules/AsyncShutdown.sys.mjs:458:15
setupShutdown@resource://gre/modules/osfile/osfile_async_front.jsm:1548:28
@resource://gre/modules/osfile/osfile_async_front.jsm:1568:16
@resource://gre/modules/osfile.jsm:12:30
@resource://gre/modules/TelemetryStorage.sys.mjs:10:28
_checkPendingPings@resource://gre/modules/TelemetrySend.sys.mjs:863:17
setup@resource://gre/modules/TelemetrySend.sys.mjs:803:18
setup@resource://gre/modules/TelemetrySend.sys.mjs:241:30
setupTelemetry/this._delayedInitTask<@resource://gre/modules/TelemetryControllerParent.sys.mjs:824:36
observe@resource://gre/modules/AsyncShutdown.sys.mjs:576:16

WARNING: Error: Phase "profile-before-change" is finished, it is too late to register completion condition "OS.File: flush I/O queued before profileBeforeChange"
WARNING: addBlocker@resource://gre/modules/AsyncShutdown.sys.mjs:727:15
addBlocker@resource://gre/modules/AsyncShutdown.sys.mjs:523:26
addBlocker@resource://gre/modules/AsyncShutdown.sys.mjs:458:15
setupShutdown@resource://gre/modules/osfile/osfile_async_front.jsm:1548:28
@resource://gre/modules/osfile/osfile_async_front.jsm:1568:16
@resource://gre/modules/osfile.jsm:12:30
@resource://gre/modules/TelemetryStorage.sys.mjs:10:28
_checkPendingPings@resource://gre/modules/TelemetrySend.sys.mjs:863:17
setup@resource://gre/modules/TelemetrySend.sys.mjs:803:18
setup@resource://gre/modules/TelemetrySend.sys.mjs:241:30
setupTelemetry/this._delayedInitTask<@resource://gre/modules/TelemetryControllerParent.sys.mjs:824:36
observe@resource://gre/modules/AsyncShutdown.sys.mjs:576:16

JavaScript error: resource://gre/modules/AsyncShutdown.sys.mjs, line 727: Error: Phase "profile-before-change" is finished, it is too late to register completion condition "OS.File: flush I/O queued before profileBeforeChange"
JavaScript error: resource://gre/modules/AsyncShutdown.sys.mjs, line 727: Error: Phase "profile-before-change" is finished, it is too late to register completion condition "OS.File: flush I/O queued before profileBeforeChange"
JavaScript error: resource://gre/modules/AsyncShutdown.sys.mjs, line 727: Error: Phase "profile-before-change" is finished, it is too late to register completion condition "OS.File: flush I/O queued before profileBeforeChange"
JavaScript error: resource://gre/modules/AsyncShutdown.sys.mjs, line 727: Error: Phase "profile-before-change" is finished, it is too late to register completion condition "OS.File: flush I/O queued before profileBeforeChange"
JavaScript error: resource://gre/modules/AsyncShutdown.sys.mjs, line 727: Error: Phase "profile-before-change" is finished, it is too late to register completion condition "OS.File: flush I/O queued before profileBeforeChange"
JavaScript error: resource://gre/modules/AsyncShutdown.sys.mjs, line 727: Error: Phase "profile-before-change" is finished, it is too late to register completion condition "OS.File: flush I/O queued before profileBeforeChange"
[Parent 6408, IPC I/O Parent] WARNING: pipe error: 232: file /builds/worker/checkouts/gecko/ipc/chromium/src/chrome/common/ipc_channel_win.cc:583
1682903850693	geckodriver	INFO	Listening on 127.0.0.1:59380
1682903853743	mozrunner::runner	INFO	Running command: "C:\\Program Files\\Mozilla Firefox\\firefox.exe" "--marionette" "--remote-debugging-port" "59381" "--remote-allow-hosts" "localhost" "-no-remote" "-profile" "C:\\Users\\devbr\\AppData\\Local\\Temp\\rust_mozprofilewzzzCX"
console.warn: services.settings: Ignoring preference override of remote settings server
console.warn: services.settings: Allow by setting MOZ_REMOTE_SETTINGS_DEVTOOLS=1 in the environment
1682903854218	Marionette	INFO	Marionette enabled
Dynamically enable window occlusion 0
1682903854225	Marionette	INFO	Listening on port 59388
Read port: 59388
WebDriver BiDi listening on ws://127.0.0.1:59381
1682903854482	RemoteAgent	WARN	TLS certificate errors will be ignored for this session
console.warn: SearchSettings: "get: No settings file exists, new profile?" (new NotFoundError("Could not open the file at C:\\Users\\devbr\\AppData\\Local\\Temp\\rust_mozprofilewzzzCX\\search.json.mozlz4", (void 0)))
[ERROR glean_core] Error setting metrics feature config: Json(Error("EOF while parsing a value", line: 1, column: 0))
DevTools listening on ws://127.0.0.1:59381/devtools/browser/2448c1d5-06f8-4c79-a81c-fe004534cbba
JavaScript warning: https://pagead2.googlesyndication.com/bg/hnY7PzTjWh4XksTeMflqXiPWVUSZPNkbpYPulxtDGE8.js line 2 > eval line 5736 > eval line 1 > eval line 1 > eval, line 1: WEBGL_debug_renderer_info is deprecated in Firefox and will be removed. Please use RENDERER.
console.warn: LoginRecipes: "Falling back to a synchronous message for: https://asloterias.com.br."
JavaScript warning: https://asloterias.com.br/js/jquery-3.3.1.min.js, line 2: Script terminated by timeout at:
oe@https://asloterias.com.br/js/jquery-3.3.1.min.js:2:6812
handlers@https://asloterias.com.br/js/jquery-3.3.1.min.js:2:42234
dispatch@https://asloterias.com.br/js/jquery-3.3.1.min.js:2:41477
add/y.handle@https://asloterias.com.br/js/jquery-3.3.1.min.js:2:39791
trigger@https://asloterias.com.br/js/jquery-3.3.1.min.js:2:69551
simulate@https://asloterias.com.br/js/jquery-3.3.1.min.js:2:70054
n@https://asloterias.com.br/js/jquery-3.3.1.min.js:2:70343

JavaScript error: , line 0: TypeError: NetworkError when attempting to fetch resource.
JavaScript error: , line 0: TypeError: NetworkError when attempting to fetch resource.
JavaScript error: , line 0: TypeError: NetworkError when attempting to fetch resource.
JavaScript error: , line 0: TypeError: NetworkError when attempting to fetch resource.
JavaScript error: , line 0: TypeError: NetworkError when attempting to fetch resource.
JavaScript warning: https://yg7unry4d2q-496ff2e9c6d22116-0-colab.googleusercontent.com/outputframe.html?vrz=colab-20230427-060111-RC00_527538942, line 192: Using //@ to indicate sourceURL pragmas is deprecated. Use //# instead
JavaScript warning: https://gul5b9kz92d-496ff2e9c6d22116-0-colab.googleusercontent.com/outputframe.html?vrz=colab-20230427-060111-RC00_527538942, line 192: Using //@ to indicate sourceURL pragmas is deprecated. Use //# instead
JavaScript warning: https://yg7unry4d2q-496ff2e9c6d22116-0-colab.googleusercontent.com/outputframe.html?vrz=colab-20230427-060111-RC00_527538942, line 192: Using //@ to indicate sourceURL pragmas is deprecated. Use //# instead
console.warn: LoginRecipes: "Falling back to a synchronous message for: https://accounts.google.com."
JavaScript warning: https://accounts.google.com/v3/signin/identifier?dsh=S1578032541%3A1682903931691775&authuser=0&continue=https%3A%2F%2Fcolab.research.google.com%2F%23create%3Dtrue&hl=pt-BR&ifkv=Af_xneHX75HJiW06UG2lw5maiQI-XCzxWWZiqLKBmO4e-maU6WvG9CKtJr_BgdZsVAxf9jKDXL-t8A&flowName=GlifWebSignIn&flowEntry=ServiceLogin line 205 > injectedScript line 2 > eval line 669 > eval line 1 > eval line 1 > eval, line 1: WEBGL_debug_renderer_info is deprecated in Firefox and will be removed. Please use RENDERER.
console.warn: LoginRecipes: "Falling back to a synchronous message for: https://accounts.google.com."
1682903958541	Marionette	INFO	Stopped listening on port 59388
Dynamically enable window occlusion 1
[Parent 13932, IPC I/O Parent] WARNING: DuplicateHandle failed for handle 0 in TransferHandles: file /builds/worker/checkouts/gecko/ipc/chromium/src/chrome/common/ipc_channel_win.cc:777
1683750930867	geckodriver	INFO	Listening on 127.0.0.1:50648
1683750934010	mozrunner::runner	INFO	Running command: "C:\\Program Files\\Mozilla Firefox\\firefox.exe" "--marionette" "--remote-debugging-port" "50649" "--remote-allow-hosts" "localhost" "-no-remote" "-profile" "C:\\Users\\devbr\\AppData\\Local\\Temp\\rust_mozprofileZVDBYE"
console.warn: services.settings: Ignoring preference override of remote settings server
console.warn: services.settings: Allow by setting MOZ_REMOTE_SETTINGS_DEVTOOLS=1 in the environment
1683750935230	Marionette	INFO	Marionette enabled
Dynamically enable window occlusion 0
1683750935238	Marionette	INFO	Listening on port 50674
Read port: 50674
WebDriver BiDi listening on ws://127.0.0.1:50649
1683750935648	RemoteAgent	WARN	TLS certificate errors will be ignored for this session
[ERROR glean_core] Error setting metrics feature config: Json(Error("EOF while parsing a value", line: 1, column: 0))
DevTools listening on ws://127.0.0.1:50649/devtools/browser/d8d06d7c-cdd9-45cf-9504-e15bff91ce5f
console.error: ({})
JavaScript warning: https://mc.yandex.ru/metrika/tag.js, line 14: WEBGL_debug_renderer_info is deprecated in Firefox and will be removed. Please use RENDERER.
1683750951232	Marionette	WARN	TimedPromise timed out after 500 ms: stacktrace:
TimedPromise/<@chrome://remote/content/marionette/sync.sys.mjs:221:24
TimedPromise@chrome://remote/content/marionette/sync.sys.mjs:205:10
interaction.flushEventLoop@chrome://remote/content/marionette/interaction.sys.mjs:424:10
webdriverClickElement@chrome://remote/content/marionette/interaction.sys.mjs:173:31
console.warn: LoginRecipes: "Falling back to a synchronous message for: https://peach.self.team."
[Child 9300, Main Thread] WARNING: JSWindowActorChild::SendRawMessage (MarionetteCommands, MarionetteCommandsParent:clickElement) not sent: !CanSend() || !mManager || !mManager->CanSend(): file /builds/worker/checkouts/gecko/dom/ipc/jsactor/JSWindowActorChild.cpp:57
console.error: ({})
1683751087855	geckodriver	INFO	Listening on 127.0.0.1:50752
1683751090929	mozrunner::runner	INFO	Running command: "C:\\Program Files\\Mozilla Firefox\\firefox.exe" "--marionette" "--remote-debugging-port" "50753" "--remote-allow-hosts" "localhost" "-no-remote" "-profile" "C:\\Users\\devbr\\AppData\\Local\\Temp\\rust_mozprofileqLrYJ4"
console.warn: services.settings: Ignoring preference override of remote settings server
console.warn: services.settings: Allow by setting MOZ_REMOTE_SETTINGS_DEVTOOLS=1 in the environment
1683751091905	Marionette	INFO	Marionette enabled
Dynamically enable window occlusion 0
1683751091926	Marionette	INFO	Listening on port 50773
Read port: 50773
WebDriver BiDi listening on ws://127.0.0.1:50753
1683751092386	RemoteAgent	WARN	TLS certificate errors will be ignored for this session
[ERROR glean_core] Error setting metrics feature config: Json(Error("EOF while parsing a value", line: 1, column: 0))
DevTools listening on ws://127.0.0.1:50753/devtools/browser/f5ff9421-5f8c-44bf-a871-1ae3dabfb190
console.error: ({})
JavaScript warning: https://mc.yandex.ru/metrika/tag.js, line 14: WEBGL_debug_renderer_info is deprecated in Firefox and will be removed. Please use RENDERER.
1683751106367	Marionette	WARN	TimedPromise timed out after 500 ms: stacktrace:
TimedPromise/<@chrome://remote/content/marionette/sync.sys.mjs:221:24
TimedPromise@chrome://remote/content/marionette/sync.sys.mjs:205:10
interaction.flushEventLoop@chrome://remote/content/marionette/interaction.sys.mjs:424:10
webdriverClickElement@chrome://remote/content/marionette/interaction.sys.mjs:173:31
console.warn: LoginRecipes: "Falling back to a synchronous message for: https://peach.self.team."
[Child 3880, Main Thread] WARNING: JSWindowActorChild::SendRawMessage (MarionetteCommands, MarionetteCommandsParent:clickElement) not sent: !CanSend() || !mManager || !mManager->CanSend(): file /builds/worker/checkouts/gecko/dom/ipc/jsactor/JSWindowActorChild.cpp:57
console.error: ({})
1683753785286	geckodriver	INFO	Listening on 127.0.0.1:50977
1683753788377	mozrunner::runner	INFO	Running command: "C:\\Program Files\\Mozilla Firefox\\firefox.exe" "--marionette" "--remote-debugging-port" "50978" "--remote-allow-hosts" "localhost" "-no-remote" "-profile" "C:\\Users\\devbr\\AppData\\Local\\Temp\\rust_mozprofileuiYVzf"
console.warn: services.settings: Ignoring preference override of remote settings server
console.warn: services.settings: Allow by setting MOZ_REMOTE_SETTINGS_DEVTOOLS=1 in the environment
1683753790260	Marionette	INFO	Marionette enabled
Dynamically enable window occlusion 0
1683753790273	Marionette	INFO	Listening on port 50999
Read port: 50999
WebDriver BiDi listening on ws://127.0.0.1:50978
1683753790787	RemoteAgent	WARN	TLS certificate errors will be ignored for this session
[ERROR glean_core] Error setting metrics feature config: Json(Error("EOF while parsing a value", line: 1, column: 0))
DevTools listening on ws://127.0.0.1:50978/devtools/browser/67fb6ecc-9d06-4069-99e8-5a560c93b5f1
console.error: ({})
1683753849427	geckodriver	INFO	Listening on 127.0.0.1:51068
1683753852481	mozrunner::runner	INFO	Running command: "C:\\Program Files\\Mozilla Firefox\\firefox.exe" "--marionette" "--remote-debugging-port" "51069" "--remote-allow-hosts" "localhost" "-no-remote" "-profile" "C:\\Users\\devbr\\AppData\\Local\\Temp\\rust_mozprofileqcmI16"
console.warn: services.settings: Ignoring preference override of remote settings server
console.warn: services.settings: Allow by setting MOZ_REMOTE_SETTINGS_DEVTOOLS=1 in the environment
1683753853517	Marionette	INFO	Marionette enabled
Dynamically enable window occlusion 0
1683753853526	Marionette	INFO	Listening on port 51090
Read port: 51090
WebDriver BiDi listening on ws://127.0.0.1:51069
1683753853929	RemoteAgent	WARN	TLS certificate errors will be ignored for this session
[ERROR glean_core] Error setting metrics feature config: Json(Error("EOF while parsing a value", line: 1, column: 0))
DevTools listening on ws://127.0.0.1:51069/devtools/browser/d9ffa57c-c545-47cd-9dc5-dea45c7b2e0c
1683753958917	geckodriver	INFO	Listening on 127.0.0.1:51138
1683753961980	mozrunner::runner	INFO	Running command: "C:\\Program Files\\Mozilla Firefox\\firefox.exe" "--marionette" "--remote-debugging-port" "51139" "--remote-allow-hosts" "localhost" "-no-remote" "-profile" "C:\\Users\\devbr\\AppData\\Local\\Temp\\rust_mozprofilezCj8yQ"
console.warn: services.settings: Ignoring preference override of remote settings server
console.warn: services.settings: Allow by setting MOZ_REMOTE_SETTINGS_DEVTOOLS=1 in the environment
1683753962953	Marionette	INFO	Marionette enabled
Dynamically enable window occlusion 0
1683753962963	Marionette	INFO	Listening on port 51159
Read port: 51159
WebDriver BiDi listening on ws://127.0.0.1:51139
1683753963267	RemoteAgent	WARN	TLS certificate errors will be ignored for this session
[ERROR glean_core] Error setting metrics feature config: Json(Error("EOF while parsing a value", line: 1, column: 0))
DevTools listening on ws://127.0.0.1:51139/devtools/browser/e3b4fb25-3ddd-4bba-a120-3f531d4d1019
1683754014059	geckodriver	INFO	Listening on 127.0.0.1:51178
1683754017180	mozrunner::runner	INFO	Running command: "C:\\Program Files\\Mozilla Firefox\\firefox.exe" "--marionette" "--remote-debugging-port" "51179" "--remote-allow-hosts" "localhost" "-no-remote" "-profile" "C:\\Users\\devbr\\AppData\\Local\\Temp\\rust_mozprofileizuwJS"
console.warn: services.settings: Ignoring preference override of remote settings server
console.warn: services.settings: Allow by setting MOZ_REMOTE_SETTINGS_DEVTOOLS=1 in the environment
1683754017922	Marionette	INFO	Marionette enabled
Dynamically enable window occlusion 0
1683754017930	Marionette	INFO	Listening on port 51198
Read port: 51198
WebDriver BiDi listening on ws://127.0.0.1:51179
1683754018203	RemoteAgent	WARN	TLS certificate errors will be ignored for this session
1683754110861	geckodriver	INFO	Listening on 127.0.0.1:51213
1683754113922	mozrunner::runner	INFO	Running command: "C:\\Program Files\\Mozilla Firefox\\firefox.exe" "--marionette" "--remote-debugging-port" "51214" "--remote-allow-hosts" "localhost" "-no-remote" "-profile" "C:\\Users\\devbr\\AppData\\Local\\Temp\\rust_mozprofileqOh8VV"
console.warn: services.settings: Ignoring preference override of remote settings server
console.warn: services.settings: Allow by setting MOZ_REMOTE_SETTINGS_DEVTOOLS=1 in the environment
1683754114835	Marionette	INFO	Marionette enabled
Dynamically enable window occlusion 0
1683754114845	Marionette	INFO	Listening on port 51235
Read port: 51235
WebDriver BiDi listening on ws://127.0.0.1:51214
1683754115201	RemoteAgent	WARN	TLS certificate errors will be ignored for this session
[ERROR glean_core] Error setting metrics feature config: Json(Error("EOF while parsing a value", line: 1, column: 0))
DevTools listening on ws://127.0.0.1:51214/devtools/browser/3cbddb58-4d16-492e-9d21-9917aa62c910
1683754329626	geckodriver	INFO	Listening on 127.0.0.1:51296
1683754332694	mozrunner::runner	INFO	Running command: "C:\\Program Files\\Mozilla Firefox\\firefox.exe" "--marionette" "--remote-debugging-port" "51297" "--remote-allow-hosts" "localhost" "-no-remote" "-profile" "C:\\Users\\devbr\\AppData\\Local\\Temp\\rust_mozprofile5tSfYp"
console.warn: services.settings: Ignoring preference override of remote settings server
console.warn: services.settings: Allow by setting MOZ_REMOTE_SETTINGS_DEVTOOLS=1 in the environment
1683754333738	Marionette	INFO	Marionette enabled
Dynamically enable window occlusion 0
1683754333746	Marionette	INFO	Listening on port 51319
Read port: 51319
1683754357866	geckodriver	INFO	Listening on 127.0.0.1:51328
1683754360957	mozrunner::runner	INFO	Running command: "C:\\Program Files\\Mozilla Firefox\\firefox.exe" "--marionette" "--remote-debugging-port" "51329" "--remote-allow-hosts" "localhost" "-no-remote" "-profile" "C:\\Users\\devbr\\AppData\\Local\\Temp\\rust_mozprofileGLedXM"
console.warn: services.settings: Ignoring preference override of remote settings server
console.warn: services.settings: Allow by setting MOZ_REMOTE_SETTINGS_DEVTOOLS=1 in the environment
1683754361743	Marionette	INFO	Marionette enabled
Dynamically enable window occlusion 0
1683754361751	Marionette	INFO	Listening on port 51350
Read port: 51350
WebDriver BiDi listening on ws://127.0.0.1:51329
1683754362079	RemoteAgent	WARN	TLS certificate errors will be ignored for this session
[ERROR glean_core] Error setting metrics feature config: Json(Error("EOF while parsing a value", line: 1, column: 0))
DevTools listening on ws://127.0.0.1:51329/devtools/browser/a03d9964-0ce8-44e4-8685-b8c53ae85b64
1683754451999	geckodriver	INFO	Listening on 127.0.0.1:51400
1683754455048	mozrunner::runner	INFO	Running command: "C:\\Program Files\\Mozilla Firefox\\firefox.exe" "--marionette" "--remote-debugging-port" "51401" "--remote-allow-hosts" "localhost" "-no-remote" "-profile" "C:\\Users\\devbr\\AppData\\Local\\Temp\\rust_mozprofilejaJP0r"
console.warn: services.settings: Ignoring preference override of remote settings server
console.warn: services.settings: Allow by setting MOZ_REMOTE_SETTINGS_DEVTOOLS=1 in the environment
1683754456089	Marionette	INFO	Marionette enabled
Dynamically enable window occlusion 0
1683754456098	Marionette	INFO	Listening on port 51421
Read port: 51421
WebDriver BiDi listening on ws://127.0.0.1:51401
1683754456556	RemoteAgent	WARN	TLS certificate errors will be ignored for this session
[ERROR glean_core] Error setting metrics feature config: Json(Error("EOF while parsing a value", line: 1, column: 0))
DevTools listening on ws://127.0.0.1:51401/devtools/browser/c310250e-4bd6-42b8-a5fe-ca742a4ab365
console.error: ({})
1683754567736	geckodriver	INFO	Listening on 127.0.0.1:51465
1683754570794	mozrunner::runner	INFO	Running command: "C:\\Program Files\\Mozilla Firefox\\firefox.exe" "--marionette" "--remote-debugging-port" "51466" "--remote-allow-hosts" "localhost" "-no-remote" "-profile" "C:\\Users\\devbr\\AppData\\Local\\Temp\\rust_mozprofileMNv1JO"
console.warn: services.settings: Ignoring preference override of remote settings server
console.warn: services.settings: Allow by setting MOZ_REMOTE_SETTINGS_DEVTOOLS=1 in the environment
1683754571480	Marionette	INFO	Marionette enabled
Dynamically enable window occlusion 0
1683754571489	Marionette	INFO	Listening on port 51487
Read port: 51487
WebDriver BiDi listening on ws://127.0.0.1:51466
1683754571792	RemoteAgent	WARN	TLS certificate errors will be ignored for this session
[ERROR glean_core] Error setting metrics feature config: Json(Error("EOF while parsing a value", line: 1, column: 0))
DevTools listening on ws://127.0.0.1:51466/devtools/browser/c651aed4-737e-4082-aa60-b412f42e4ced
console.error: ({})
JavaScript warning: https://mc.yandex.ru/metrika/tag.js, line 14: WEBGL_debug_renderer_info is deprecated in Firefox and will be removed. Please use RENDERER.
1683754597971	geckodriver	INFO	Listening on 127.0.0.1:51539
1683754601039	mozrunner::runner	INFO	Running command: "C:\\Program Files\\Mozilla Firefox\\firefox.exe" "--marionette" "--remote-debugging-port" "51540" "--remote-allow-hosts" "localhost" "-no-remote" "-profile" "C:\\Users\\devbr\\AppData\\Local\\Temp\\rust_mozprofilekz5mbC"
console.warn: services.settings: Ignoring preference override of remote settings server
console.warn: services.settings: Allow by setting MOZ_REMOTE_SETTINGS_DEVTOOLS=1 in the environment
1683754601854	Marionette	INFO	Marionette enabled
Dynamically enable window occlusion 0
1683754601863	Marionette	INFO	Listening on port 51561
Read port: 51561
WebDriver BiDi listening on ws://127.0.0.1:51540
1683754602237	RemoteAgent	WARN	TLS certificate errors will be ignored for this session
[ERROR glean_core] Error setting metrics feature config: Json(Error("EOF while parsing a value", line: 1, column: 0))
DevTools listening on ws://127.0.0.1:51540/devtools/browser/35f79e3c-9754-432d-8ff6-883ed9828c0e
1683754626469	geckodriver	INFO	Listening on 127.0.0.1:51609
1683754629510	mozrunner::runner	INFO	Running command: "C:\\Program Files\\Mozilla Firefox\\firefox.exe" "--marionette" "--remote-debugging-port" "51610" "--remote-allow-hosts" "localhost" "-no-remote" "-profile" "C:\\Users\\devbr\\AppData\\Local\\Temp\\rust_mozprofiletwjsfu"
console.warn: services.settings: Ignoring preference override of remote settings server
console.warn: services.settings: Allow by setting MOZ_REMOTE_SETTINGS_DEVTOOLS=1 in the environment
1683754630307	Marionette	INFO	Marionette enabled
Dynamically enable window occlusion 0
1683754630314	Marionette	INFO	Listening on port 51636
Read port: 51636
WebDriver BiDi listening on ws://127.0.0.1:51610
1683754630669	RemoteAgent	WARN	TLS certificate errors will be ignored for this session
[ERROR glean_core] Error setting metrics feature config: Json(Error("EOF while parsing a value", line: 1, column: 0))
DevTools listening on ws://127.0.0.1:51610/devtools/browser/8d919a4b-437c-4cbe-9002-1e39c950fe9d
console.error: ({})
JavaScript warning: https://mc.yandex.ru/metrika/tag.js, line 14: WEBGL_debug_renderer_info is deprecated in Firefox and will be removed. Please use RENDERER.
1683754644908	Marionette	WARN	TimedPromise timed out after 500 ms: stacktrace:
TimedPromise/<@chrome://remote/content/marionette/sync.sys.mjs:221:24
TimedPromise@chrome://remote/content/marionette/sync.sys.mjs:205:10
interaction.flushEventLoop@chrome://remote/content/marionette/interaction.sys.mjs:424:10
webdriverClickElement@chrome://remote/content/marionette/interaction.sys.mjs:173:31
console.warn: LoginRecipes: "Falling back to a synchronous message for: https://peach.self.team."
[Child 5188, Main Thread] WARNING: JSWindowActorChild::SendRawMessage (MarionetteCommands, MarionetteCommandsParent:clickElement) not sent: !CanSend() || !mManager || !mManager->CanSend(): file /builds/worker/checkouts/gecko/dom/ipc/jsactor/JSWindowActorChild.cpp:57
console.error: ({})
1683754997362	geckodriver	INFO	Listening on 127.0.0.1:51712
1683755000441	mozrunner::runner	INFO	Running command: "C:\\Program Files\\Mozilla Firefox\\firefox.exe" "--marionette" "--remote-debugging-port" "51713" "--remote-allow-hosts" "localhost" "-no-remote" "-profile" "C:\\Users\\devbr\\AppData\\Local\\Temp\\rust_mozprofilej6a9E3"
console.warn: services.settings: Ignoring preference override of remote settings server
console.warn: services.settings: Allow by setting MOZ_REMOTE_SETTINGS_DEVTOOLS=1 in the environment
1683755001547	Marionette	INFO	Marionette enabled
Dynamically enable window occlusion 0
1683755001568	Marionette	INFO	Listening on port 51735
Read port: 51735
WebDriver BiDi listening on ws://127.0.0.1:51713
1683755002000	RemoteAgent	WARN	TLS certificate errors will be ignored for this session
[ERROR glean_core] Error setting metrics feature config: Json(Error("EOF while parsing a value", line: 1, column: 0))
DevTools listening on ws://127.0.0.1:51713/devtools/browser/74b1ee07-9498-4e63-8054-6dd8ee592b1c
console.error: ({})
JavaScript warning: https://mc.yandex.ru/metrika/tag.js, line 14: WEBGL_debug_renderer_info is deprecated in Firefox and will be removed. Please use RENDERER.
1683755050716	geckodriver	INFO	Listening on 127.0.0.1:51790
1683755053790	mozrunner::runner	INFO	Running command: "C:\\Program Files\\Mozilla Firefox\\firefox.exe" "--marionette" "--remote-debugging-port" "51791" "--remote-allow-hosts" "localhost" "-no-remote" "-profile" "C:\\Users\\devbr\\AppData\\Local\\Temp\\rust_mozprofileV8yiVG"
console.warn: services.settings: Ignoring preference override of remote settings server
console.warn: services.settings: Allow by setting MOZ_REMOTE_SETTINGS_DEVTOOLS=1 in the environment
1683755054850	Marionette	INFO	Marionette enabled
Dynamically enable window occlusion 0
1683755054860	Marionette	INFO	Listening on port 51813
Read port: 51813
WebDriver BiDi listening on ws://127.0.0.1:51791
1683755055369	RemoteAgent	WARN	TLS certificate errors will be ignored for this session
[ERROR glean_core] Error setting metrics feature config: Json(Error("EOF while parsing a value", line: 1, column: 0))
DevTools listening on ws://127.0.0.1:51791/devtools/browser/f8cb539b-069b-4137-9dc7-96a5a402289b
1683755096203	geckodriver	INFO	Listening on 127.0.0.1:51860
1683755099265	mozrunner::runner	INFO	Running command: "C:\\Program Files\\Mozilla Firefox\\firefox.exe" "--marionette" "--remote-debugging-port" "51861" "--remote-allow-hosts" "localhost" "-no-remote" "-profile" "C:\\Users\\devbr\\AppData\\Local\\Temp\\rust_mozprofilemwsUuH"
console.warn: services.settings: Ignoring preference override of remote settings server
console.warn: services.settings: Allow by setting MOZ_REMOTE_SETTINGS_DEVTOOLS=1 in the environment
1683755100211	Marionette	INFO	Marionette enabled
Dynamically enable window occlusion 0
1683755100222	Marionette	INFO	Listening on port 51882
Read port: 51882
WebDriver BiDi listening on ws://127.0.0.1:51861
1683755100764	RemoteAgent	WARN	TLS certificate errors will be ignored for this session
[ERROR glean_core] Error setting metrics feature config: Json(Error("EOF while parsing a value", line: 1, column: 0))
DevTools listening on ws://127.0.0.1:51861/devtools/browser/81fc041e-6ba7-4a23-9194-b60524d9aca2
JavaScript warning: https://mc.yandex.ru/metrika/tag.js, line 14: WEBGL_debug_renderer_info is deprecated in Firefox and will be removed. Please use RENDERER.
console.error: ({})
1683755113567	Marionette	WARN	TimedPromise timed out after 500 ms: stacktrace:
TimedPromise/<@chrome://remote/content/marionette/sync.sys.mjs:221:24
TimedPromise@chrome://remote/content/marionette/sync.sys.mjs:205:10
interaction.flushEventLoop@chrome://remote/content/marionette/interaction.sys.mjs:424:10
webdriverClickElement@chrome://remote/content/marionette/interaction.sys.mjs:173:31
1683755179123	geckodriver	INFO	Listening on 127.0.0.1:51937
1683755182168	mozrunner::runner	INFO	Running command: "C:\\Program Files\\Mozilla Firefox\\firefox.exe" "--marionette" "--remote-debugging-port" "51938" "--remote-allow-hosts" "localhost" "-no-remote" "-profile" "C:\\Users\\devbr\\AppData\\Local\\Temp\\rust_mozprofileDqe06G"
console.warn: services.settings: Ignoring preference override of remote settings server
console.warn: services.settings: Allow by setting MOZ_REMOTE_SETTINGS_DEVTOOLS=1 in the environment
1683755183081	Marionette	INFO	Marionette enabled
Dynamically enable window occlusion 0
1683755183090	Marionette	INFO	Listening on port 51963
Read port: 51963
WebDriver BiDi listening on ws://127.0.0.1:51938
1683755183440	RemoteAgent	WARN	TLS certificate errors will be ignored for this session
[ERROR glean_core] Error setting metrics feature config: Json(Error("EOF while parsing a value", line: 1, column: 0))
DevTools listening on ws://127.0.0.1:51938/devtools/browser/71ee0786-3027-4151-a9ef-ab4b53c5a4be
console.error: ({})
JavaScript warning: https://mc.yandex.ru/metrika/tag.js, line 14: WEBGL_debug_renderer_info is deprecated in Firefox and will be removed. Please use RENDERER.
1683755197732	Marionette	WARN	TimedPromise timed out after 500 ms: stacktrace:
TimedPromise/<@chrome://remote/content/marionette/sync.sys.mjs:221:24
TimedPromise@chrome://remote/content/marionette/sync.sys.mjs:205:10
interaction.flushEventLoop@chrome://remote/content/marionette/interaction.sys.mjs:424:10
webdriverClickElement@chrome://remote/content/marionette/interaction.sys.mjs:173:31
1683755280106	geckodriver	INFO	Listening on 127.0.0.1:52023
1683755283185	mozrunner::runner	INFO	Running command: "C:\\Program Files\\Mozilla Firefox\\firefox.exe" "--marionette" "--remote-debugging-port" "52024" "--remote-allow-hosts" "localhost" "-no-remote" "-profile" "C:\\Users\\devbr\\AppData\\Local\\Temp\\rust_mozprofileJ4oGZe"
console.warn: services.settings: Ignoring preference override of remote settings server
console.warn: services.settings: Allow by setting MOZ_REMOTE_SETTINGS_DEVTOOLS=1 in the environment
1683755284051	Marionette	INFO	Marionette enabled
Dynamically enable window occlusion 0
1683755284061	Marionette	INFO	Listening on port 52046
Read port: 52046
WebDriver BiDi listening on ws://127.0.0.1:52024
1683755284472	RemoteAgent	WARN	TLS certificate errors will be ignored for this session
[ERROR glean_core] Error setting metrics feature config: Json(Error("EOF while parsing a value", line: 1, column: 0))
DevTools listening on ws://127.0.0.1:52024/devtools/browser/7750c784-b607-4568-9de1-8f928ab999d2
console.error: ({})
JavaScript warning: https://mc.yandex.ru/metrika/tag.js, line 16: WEBGL_debug_renderer_info is deprecated in Firefox and will be removed. Please use RENDERER.
1683755298827	Marionette	WARN	TimedPromise timed out after 500 ms: stacktrace:
TimedPromise/<@chrome://remote/content/marionette/sync.sys.mjs:221:24
TimedPromise@chrome://remote/content/marionette/sync.sys.mjs:205:10
interaction.flushEventLoop@chrome://remote/content/marionette/interaction.sys.mjs:424:10
webdriverClickElement@chrome://remote/content/marionette/interaction.sys.mjs:173:31
1683755355906	geckodriver	INFO	Listening on 127.0.0.1:52110
1683755358952	mozrunner::runner	INFO	Running command: "C:\\Program Files\\Mozilla Firefox\\firefox.exe" "--marionette" "--remote-debugging-port" "52111" "--remote-allow-hosts" "localhost" "-no-remote" "-profile" "C:\\Users\\devbr\\AppData\\Local\\Temp\\rust_mozprofile3hYRIV"
console.warn: services.settings: Ignoring preference override of remote settings server
console.warn: services.settings: Allow by setting MOZ_REMOTE_SETTINGS_DEVTOOLS=1 in the environment
1683755359921	Marionette	INFO	Marionette enabled
Dynamically enable window occlusion 0
1683755359933	Marionette	INFO	Listening on port 52130
Read port: 52130
WebDriver BiDi listening on ws://127.0.0.1:52111
1683755360440	RemoteAgent	WARN	TLS certificate errors will be ignored for this session
[ERROR glean_core] Error setting metrics feature config: Json(Error("EOF while parsing a value", line: 1, column: 0))
DevTools listening on ws://127.0.0.1:52111/devtools/browser/30edd465-655b-4a29-85d2-2a5e089a8fa4
console.error: ({})
JavaScript warning: https://mc.yandex.ru/metrika/tag.js, line 14: WEBGL_debug_renderer_info is deprecated in Firefox and will be removed. Please use RENDERER.
1683755396185	geckodriver	INFO	Listening on 127.0.0.1:52198
1683755399223	mozrunner::runner	INFO	Running command: "C:\\Program Files\\Mozilla Firefox\\firefox.exe" "--marionette" "--remote-debugging-port" "52199" "--remote-allow-hosts" "localhost" "-no-remote" "-profile" "C:\\Users\\devbr\\AppData\\Local\\Temp\\rust_mozprofileBvHMdL"
console.warn: services.settings: Ignoring preference override of remote settings server
console.warn: services.settings: Allow by setting MOZ_REMOTE_SETTINGS_DEVTOOLS=1 in the environment
1683755400179	Marionette	INFO	Marionette enabled
Dynamically enable window occlusion 0
1683755400190	Marionette	INFO	Listening on port 52222
Read port: 52222
WebDriver BiDi listening on ws://127.0.0.1:52199
1683755400685	RemoteAgent	WARN	TLS certificate errors will be ignored for this session
[ERROR glean_core] Error setting metrics feature config: Json(Error("EOF while parsing a value", line: 1, column: 0))
DevTools listening on ws://127.0.0.1:52199/devtools/browser/2d7bd32f-f151-4c8b-b3da-6428a88b33eb
console.error: ({})
JavaScript warning: https://mc.yandex.ru/metrika/tag.js, line 14: WEBGL_debug_renderer_info is deprecated in Firefox and will be removed. Please use RENDERER.
1683755431159	geckodriver	INFO	Listening on 127.0.0.1:52283
1683755434206	mozrunner::runner	INFO	Running command: "C:\\Program Files\\Mozilla Firefox\\firefox.exe" "--marionette" "--remote-debugging-port" "52284" "--remote-allow-hosts" "localhost" "-no-remote" "-profile" "C:\\Users\\devbr\\AppData\\Local\\Temp\\rust_mozprofileSdb9n7"
console.warn: services.settings: Ignoring preference override of remote settings server
console.warn: services.settings: Allow by setting MOZ_REMOTE_SETTINGS_DEVTOOLS=1 in the environment
1683755434735	Marionette	INFO	Marionette enabled
Dynamically enable window occlusion 0
1683755434742	Marionette	INFO	Listening on port 52304
Read port: 52304
WebDriver BiDi listening on ws://127.0.0.1:52284
1683755435026	RemoteAgent	WARN	TLS certificate errors will be ignored for this session
[ERROR glean_core] Error setting metrics feature config: Json(Error("EOF while parsing a value", line: 1, column: 0))
DevTools listening on ws://127.0.0.1:52284/devtools/browser/3ed23bf4-acb3-468a-803d-3f7c4faf2d0a
console.error: ({})
JavaScript warning: https://mc.yandex.ru/metrika/tag.js, line 14: WEBGL_debug_renderer_info is deprecated in Firefox and will be removed. Please use RENDERER.
1683755477981	geckodriver	INFO	Listening on 127.0.0.1:52374
1683755481064	mozrunner::runner	INFO	Running command: "C:\\Program Files\\Mozilla Firefox\\firefox.exe" "--marionette" "--remote-debugging-port" "52375" "--remote-allow-hosts" "localhost" "-no-remote" "-profile" "C:\\Users\\devbr\\AppData\\Local\\Temp\\rust_mozprofileULvYZO"
console.warn: services.settings: Ignoring preference override of remote settings server
console.warn: services.settings: Allow by setting MOZ_REMOTE_SETTINGS_DEVTOOLS=1 in the environment
1683755482013	Marionette	INFO	Marionette enabled
Dynamically enable window occlusion 0
1683755482024	Marionette	INFO	Listening on port 52396
Read port: 52396
WebDriver BiDi listening on ws://127.0.0.1:52375
1683755482495	RemoteAgent	WARN	TLS certificate errors will be ignored for this session
[ERROR glean_core] Error setting metrics feature config: Json(Error("EOF while parsing a value", line: 1, column: 0))
DevTools listening on ws://127.0.0.1:52375/devtools/browser/5456d193-2a63-4723-a8c2-fb0db1dc28db
console.error: ({})
JavaScript warning: https://mc.yandex.ru/metrika/tag.js, line 14: WEBGL_debug_renderer_info is deprecated in Firefox and will be removed. Please use RENDERER.
1683755497069	Marionette	WARN	TimedPromise timed out after 500 ms: stacktrace:
TimedPromise/<@chrome://remote/content/marionette/sync.sys.mjs:221:24
TimedPromise@chrome://remote/content/marionette/sync.sys.mjs:205:10
interaction.flushEventLoop@chrome://remote/content/marionette/interaction.sys.mjs:424:10
webdriverClickElement@chrome://remote/content/marionette/interaction.sys.mjs:173:31
console.warn: LoginRecipes: "Falling back to a synchronous message for: https://peach.self.team."
[Child 10328, Main Thread] WARNING: JSWindowActorChild::SendRawMessage (MarionetteCommands, MarionetteCommandsParent:clickElement) not sent: !CanSend() || !mManager || !mManager->CanSend(): file /builds/worker/checkouts/gecko/dom/ipc/jsactor/JSWindowActorChild.cpp:57
console.error: ({})
1683755748310	geckodriver	INFO	Listening on 127.0.0.1:52484
1683755751372	mozrunner::runner	INFO	Running command: "C:\\Program Files\\Mozilla Firefox\\firefox.exe" "--marionette" "--remote-debugging-port" "52485" "--remote-allow-hosts" "localhost" "-no-remote" "-profile" "C:\\Users\\devbr\\AppData\\Local\\Temp\\rust_mozprofileh4ubYZ"
console.warn: services.settings: Ignoring preference override of remote settings server
console.warn: services.settings: Allow by setting MOZ_REMOTE_SETTINGS_DEVTOOLS=1 in the environment
1683755752320	Marionette	INFO	Marionette enabled
Dynamically enable window occlusion 0
1683755752334	Marionette	INFO	Listening on port 52507
Read port: 52507
WebDriver BiDi listening on ws://127.0.0.1:52485
1683755752707	RemoteAgent	WARN	TLS certificate errors will be ignored for this session
[ERROR glean_core] Error setting metrics feature config: Json(Error("EOF while parsing a value", line: 1, column: 0))
DevTools listening on ws://127.0.0.1:52485/devtools/browser/b9a5902c-b7de-4770-a500-cfdd3b33b8ad
console.error: ({})
JavaScript warning: https://mc.yandex.ru/metrika/tag.js, line 14: WEBGL_debug_renderer_info is deprecated in Firefox and will be removed. Please use RENDERER.
1683755767337	Marionette	WARN	TimedPromise timed out after 500 ms: stacktrace:
TimedPromise/<@chrome://remote/content/marionette/sync.sys.mjs:221:24
TimedPromise@chrome://remote/content/marionette/sync.sys.mjs:205:10
interaction.flushEventLoop@chrome://remote/content/marionette/interaction.sys.mjs:424:10
webdriverClickElement@chrome://remote/content/marionette/interaction.sys.mjs:173:31
console.warn: LoginRecipes: "Falling back to a synchronous message for: https://peach.self.team."
[Child 980, Main Thread] WARNING: JSWindowActorChild::SendRawMessage (MarionetteCommands, MarionetteCommandsParent:clickElement) not sent: !CanSend() || !mManager || !mManager->CanSend(): file /builds/worker/checkouts/gecko/dom/ipc/jsactor/JSWindowActorChild.cpp:57
console.error: ({})
1683755893210	geckodriver	INFO	Listening on 127.0.0.1:52590
1683755896271	mozrunner::runner	INFO	Running command: "C:\\Program Files\\Mozilla Firefox\\firefox.exe" "--marionette" "--remote-debugging-port" "52591" "--remote-allow-hosts" "localhost" "-no-remote" "-profile" "C:\\Users\\devbr\\AppData\\Local\\Temp\\rust_mozprofileDeZKrI"
console.warn: services.settings: Ignoring preference override of remote settings server
console.warn: services.settings: Allow by setting MOZ_REMOTE_SETTINGS_DEVTOOLS=1 in the environment
1683755897267	Marionette	INFO	Marionette enabled
Dynamically enable window occlusion 0
1683755897283	Marionette	INFO	Listening on port 52613
Read port: 52613
WebDriver BiDi listening on ws://127.0.0.1:52591
1683755897636	RemoteAgent	WARN	TLS certificate errors will be ignored for this session
[ERROR glean_core] Error setting metrics feature config: Json(Error("EOF while parsing a value", line: 1, column: 0))
DevTools listening on ws://127.0.0.1:52591/devtools/browser/1c055582-dd09-48da-b01f-5f9fc436b957
console.error: ({})
JavaScript warning: https://mc.yandex.ru/metrika/tag.js, line 14: WEBGL_debug_renderer_info is deprecated in Firefox and will be removed. Please use RENDERER.
console.warn: LoginRecipes: "Falling back to a synchronous message for: https://peach.self.team."
[Child 3196, Main Thread] WARNING: JSWindowActorChild::SendRawMessage (MarionetteCommands, MarionetteCommandsParent:clickElement) not sent: !CanSend() || !mManager || !mManager->CanSend(): file /builds/worker/checkouts/gecko/dom/ipc/jsactor/JSWindowActorChild.cpp:57
console.error: ({})
1683756225151	geckodriver	INFO	Listening on 127.0.0.1:52710
1683756228226	mozrunner::runner	INFO	Running command: "C:\\Program Files\\Mozilla Firefox\\firefox.exe" "--marionette" "--remote-debugging-port" "52711" "--remote-allow-hosts" "localhost" "-no-remote" "-profile" "C:\\Users\\devbr\\AppData\\Local\\Temp\\rust_mozprofileL5GTRY"
console.warn: services.settings: Ignoring preference override of remote settings server
console.warn: services.settings: Allow by setting MOZ_REMOTE_SETTINGS_DEVTOOLS=1 in the environment
1683756229154	Marionette	INFO	Marionette enabled
Dynamically enable window occlusion 0
1683756229165	Marionette	INFO	Listening on port 52732
Read port: 52732
WebDriver BiDi listening on ws://127.0.0.1:52711
1683756229539	RemoteAgent	WARN	TLS certificate errors will be ignored for this session
[ERROR glean_core] Error setting metrics feature config: Json(Error("EOF while parsing a value", line: 1, column: 0))
DevTools listening on ws://127.0.0.1:52711/devtools/browser/770c0bd3-a469-4f5c-ada8-a6a7b205f9d7
JavaScript warning: https://mc.yandex.ru/metrika/tag.js, line 14: WEBGL_debug_renderer_info is deprecated in Firefox and will be removed. Please use RENDERER.
console.error: ({})
1683756243313	Marionette	WARN	TimedPromise timed out after 500 ms: stacktrace:
TimedPromise/<@chrome://remote/content/marionette/sync.sys.mjs:221:24
TimedPromise@chrome://remote/content/marionette/sync.sys.mjs:205:10
interaction.flushEventLoop@chrome://remote/content/marionette/interaction.sys.mjs:424:10
webdriverClickElement@chrome://remote/content/marionette/interaction.sys.mjs:173:31
console.warn: LoginRecipes: "Falling back to a synchronous message for: https://peach.self.team."
[Child 1836, Main Thread] WARNING: JSWindowActorChild::SendRawMessage (MarionetteCommands, MarionetteCommandsParent:clickElement) not sent: !CanSend() || !mManager || !mManager->CanSend(): file /builds/worker/checkouts/gecko/dom/ipc/jsactor/JSWindowActorChild.cpp:57
console.error: ({})
1683756356595	geckodriver	INFO	Listening on 127.0.0.1:52810
1683756359823	mozrunner::runner	INFO	Running command: "C:\\Program Files\\Mozilla Firefox\\firefox.exe" "--marionette" "--remote-debugging-port" "52811" "--remote-allow-hosts" "localhost" "-no-remote" "-profile" "C:\\Users\\devbr\\AppData\\Local\\Temp\\rust_mozprofileKiP6eK"
console.warn: services.settings: Ignoring preference override of remote settings server
console.warn: services.settings: Allow by setting MOZ_REMOTE_SETTINGS_DEVTOOLS=1 in the environment
1683756360815	Marionette	INFO	Marionette enabled
Dynamically enable window occlusion 0
1683756360826	Marionette	INFO	Listening on port 52832
Read port: 52832
WebDriver BiDi listening on ws://127.0.0.1:52811
1683756361245	RemoteAgent	WARN	TLS certificate errors will be ignored for this session
[ERROR glean_core] Error setting metrics feature config: Json(Error("EOF while parsing a value", line: 1, column: 0))
DevTools listening on ws://127.0.0.1:52811/devtools/browser/eb68fca6-a4a4-49d0-b915-5ed4b8dee7bc
[Parent 8104, IPC I/O Parent] WARNING: DuplicateHandle failed for handle 0 in TransferHandles: file /builds/worker/checkouts/gecko/ipc/chromium/src/chrome/common/ipc_channel_win.cc:787
console.error: ({})
JavaScript warning: https://mc.yandex.ru/metrika/tag.js, line 14: WEBGL_debug_renderer_info is deprecated in Firefox and will be removed. Please use RENDERER.
1683756376115	Marionette	WARN	TimedPromise timed out after 500 ms: stacktrace:
TimedPromise/<@chrome://remote/content/marionette/sync.sys.mjs:221:24
TimedPromise@chrome://remote/content/marionette/sync.sys.mjs:205:10
interaction.flushEventLoop@chrome://remote/content/marionette/interaction.sys.mjs:424:10
webdriverClickElement@chrome://remote/content/marionette/interaction.sys.mjs:173:31
console.warn: LoginRecipes: "Falling back to a synchronous message for: https://peach.self.team."
[Child 13044, Main Thread] WARNING: JSWindowActorChild::SendRawMessage (MarionetteCommands, MarionetteCommandsParent:clickElement) not sent: !CanSend() || !mManager || !mManager->CanSend(): file /builds/worker/checkouts/gecko/dom/ipc/jsactor/JSWindowActorChild.cpp:57
console.error: ({})
1683756432664	geckodriver	INFO	Listening on 127.0.0.1:52904
1683756435721	mozrunner::runner	INFO	Running command: "C:\\Program Files\\Mozilla Firefox\\firefox.exe" "--marionette" "--remote-debugging-port" "52905" "--remote-allow-hosts" "localhost" "-no-remote" "-profile" "C:\\Users\\devbr\\AppData\\Local\\Temp\\rust_mozprofileLVy7Wl"
console.warn: services.settings: Ignoring preference override of remote settings server
console.warn: services.settings: Allow by setting MOZ_REMOTE_SETTINGS_DEVTOOLS=1 in the environment
1683756436244	Marionette	INFO	Marionette enabled
Dynamically enable window occlusion 0
1683756436251	Marionette	INFO	Listening on port 52921
Read port: 52921
WebDriver BiDi listening on ws://127.0.0.1:52905
1683756436542	RemoteAgent	WARN	TLS certificate errors will be ignored for this session
[ERROR glean_core] Error setting metrics feature config: Json(Error("EOF while parsing a value", line: 1, column: 0))
DevTools listening on ws://127.0.0.1:52905/devtools/browser/e5e9f870-1caf-4057-a2e4-ad54664d4d98
console.error: ({})
JavaScript warning: https://mc.yandex.ru/metrika/tag.js, line 14: WEBGL_debug_renderer_info is deprecated in Firefox and will be removed. Please use RENDERER.
1683756451273	Marionette	WARN	TimedPromise timed out after 500 ms: stacktrace:
TimedPromise/<@chrome://remote/content/marionette/sync.sys.mjs:221:24
TimedPromise@chrome://remote/content/marionette/sync.sys.mjs:205:10
interaction.flushEventLoop@chrome://remote/content/marionette/interaction.sys.mjs:424:10
webdriverClickElement@chrome://remote/content/marionette/interaction.sys.mjs:173:31
console.warn: LoginRecipes: "Falling back to a synchronous message for: https://peach.self.team."
[Child 5832, Main Thread] WARNING: JSWindowActorChild::SendRawMessage (MarionetteCommands, MarionetteCommandsParent:clickElement) not sent: !CanSend() || !mManager || !mManager->CanSend(): file /builds/worker/checkouts/gecko/dom/ipc/jsactor/JSWindowActorChild.cpp:57
console.error: ({})
1683756680084	geckodriver	INFO	Listening on 127.0.0.1:53011
1683756683122	mozrunner::runner	INFO	Running command: "C:\\Program Files\\Mozilla Firefox\\firefox.exe" "--marionette" "--remote-debugging-port" "53012" "--remote-allow-hosts" "localhost" "-no-remote" "-profile" "C:\\Users\\devbr\\AppData\\Local\\Temp\\rust_mozprofilekifeUR"
console.warn: services.settings: Ignoring preference override of remote settings server
console.warn: services.settings: Allow by setting MOZ_REMOTE_SETTINGS_DEVTOOLS=1 in the environment
1683756683871	Marionette	INFO	Marionette enabled
Dynamically enable window occlusion 0
1683756683880	Marionette	INFO	Listening on port 53037
Read port: 53037
WebDriver BiDi listening on ws://127.0.0.1:53012
1683756684284	RemoteAgent	WARN	TLS certificate errors will be ignored for this session
[ERROR glean_core] Error setting metrics feature config: Json(Error("EOF while parsing a value", line: 1, column: 0))
DevTools listening on ws://127.0.0.1:53012/devtools/browser/c70fb526-7b3c-4dc4-8345-e125ab220d97
console.error: ({})
JavaScript warning: https://mc.yandex.ru/metrika/tag.js, line 14: WEBGL_debug_renderer_info is deprecated in Firefox and will be removed. Please use RENDERER.
1683756699147	Marionette	WARN	TimedPromise timed out after 500 ms: stacktrace:
TimedPromise/<@chrome://remote/content/marionette/sync.sys.mjs:221:24
TimedPromise@chrome://remote/content/marionette/sync.sys.mjs:205:10
interaction.flushEventLoop@chrome://remote/content/marionette/interaction.sys.mjs:424:10
webdriverClickElement@chrome://remote/content/marionette/interaction.sys.mjs:173:31
1683756839369	geckodriver	INFO	Listening on 127.0.0.1:53137
1683756842444	mozrunner::runner	INFO	Running command: "C:\\Program Files\\Mozilla Firefox\\firefox.exe" "--marionette" "--remote-debugging-port" "53138" "--remote-allow-hosts" "localhost" "-no-remote" "-profile" "C:\\Users\\devbr\\AppData\\Local\\Temp\\rust_mozprofileTFCdaB"
console.warn: services.settings: Ignoring preference override of remote settings server
console.warn: services.settings: Allow by setting MOZ_REMOTE_SETTINGS_DEVTOOLS=1 in the environment
1683756843676	Marionette	INFO	Marionette enabled
Dynamically enable window occlusion 0
1683756843686	Marionette	INFO	Listening on port 53158
Read port: 53158
WebDriver BiDi listening on ws://127.0.0.1:53138
1683756844062	RemoteAgent	WARN	TLS certificate errors will be ignored for this session
[ERROR glean_core] Error setting metrics feature config: Json(Error("EOF while parsing a value", line: 1, column: 0))
DevTools listening on ws://127.0.0.1:53138/devtools/browser/96729f7e-1b3f-4212-97d2-8d87ee6455f9
console.error: ({})
JavaScript warning: https://mc.yandex.ru/metrika/tag.js, line 14: WEBGL_debug_renderer_info is deprecated in Firefox and will be removed. Please use RENDERER.
1683757325685	geckodriver	INFO	Listening on 127.0.0.1:53280
1683757328745	mozrunner::runner	INFO	Running command: "C:\\Program Files\\Mozilla Firefox\\firefox.exe" "--marionette" "--remote-debugging-port" "53281" "--remote-allow-hosts" "localhost" "-no-remote" "-profile" "C:\\Users\\devbr\\AppData\\Local\\Temp\\rust_mozprofiler23EXs"
console.warn: services.settings: Ignoring preference override of remote settings server
console.warn: services.settings: Allow by setting MOZ_REMOTE_SETTINGS_DEVTOOLS=1 in the environment
1683757329648	Marionette	INFO	Marionette enabled
Dynamically enable window occlusion 0
1683757329657	Marionette	INFO	Listening on port 53302
Read port: 53302
WebDriver BiDi listening on ws://127.0.0.1:53281
1683757330051	RemoteAgent	WARN	TLS certificate errors will be ignored for this session
[ERROR glean_core] Error setting metrics feature config: Json(Error("EOF while parsing a value", line: 1, column: 0))
DevTools listening on ws://127.0.0.1:53281/devtools/browser/d949b8e4-1b79-4593-b562-466bce54f61f
console.error: ({})
JavaScript warning: https://mc.yandex.ru/metrika/tag.js, line 14: WEBGL_debug_renderer_info is deprecated in Firefox and will be removed. Please use RENDERER.
1683757344202	Marionette	WARN	TimedPromise timed out after 500 ms: stacktrace:
TimedPromise/<@chrome://remote/content/marionette/sync.sys.mjs:221:24
TimedPromise@chrome://remote/content/marionette/sync.sys.mjs:205:10
interaction.flushEventLoop@chrome://remote/content/marionette/interaction.sys.mjs:424:10
webdriverClickElement@chrome://remote/content/marionette/interaction.sys.mjs:173:31
console.warn: LoginRecipes: "Falling back to a synchronous message for: https://peach.self.team."
[Child 3820, Main Thread] WARNING: JSWindowActorChild::SendRawMessage (MarionetteCommands, MarionetteCommandsParent:clickElement) not sent: !CanSend() || !mManager || !mManager->CanSend(): file /builds/worker/checkouts/gecko/dom/ipc/jsactor/JSWindowActorChild.cpp:57
console.error: ({})
1683757478561	geckodriver	INFO	Listening on 127.0.0.1:53380
1683757481603	mozrunner::runner	INFO	Running command: "C:\\Program Files\\Mozilla Firefox\\firefox.exe" "--marionette" "--remote-debugging-port" "53382" "--remote-allow-hosts" "localhost" "-no-remote" "-profile" "C:\\Users\\devbr\\AppData\\Local\\Temp\\rust_mozprofilee7tguR"
console.warn: services.settings: Ignoring preference override of remote settings server
console.warn: services.settings: Allow by setting MOZ_REMOTE_SETTINGS_DEVTOOLS=1 in the environment
1683757482277	Marionette	INFO	Marionette enabled
Dynamically enable window occlusion 0
1683757482291	Marionette	INFO	Listening on port 53410
Read port: 53410
WebDriver BiDi listening on ws://127.0.0.1:53382
1683757482609	RemoteAgent	WARN	TLS certificate errors will be ignored for this session
[ERROR glean_core] Error setting metrics feature config: Json(Error("EOF while parsing a value", line: 1, column: 0))
DevTools listening on ws://127.0.0.1:53382/devtools/browser/2067a750-1d3d-41d6-8f09-947b7d977195
console.error: ({})
JavaScript warning: https://mc.yandex.ru/metrika/tag.js, line 14: WEBGL_debug_renderer_info is deprecated in Firefox and will be removed. Please use RENDERER.
console.warn: LoginRecipes: "Falling back to a synchronous message for: https://peach.self.team."
[Child 3692, Main Thread] WARNING: JSWindowActorChild::SendRawMessage (MarionetteCommands, MarionetteCommandsParent:clickElement) not sent: !CanSend() || !mManager || !mManager->CanSend(): file /builds/worker/checkouts/gecko/dom/ipc/jsactor/JSWindowActorChild.cpp:57
console.error: ({})
1683757696179	geckodriver	INFO	Listening on 127.0.0.1:53501
1683757699228	mozrunner::runner	INFO	Running command: "C:\\Program Files\\Mozilla Firefox\\firefox.exe" "--marionette" "--remote-debugging-port" "53502" "--remote-allow-hosts" "localhost" "-no-remote" "-profile" "C:\\Users\\devbr\\AppData\\Local\\Temp\\rust_mozprofile0oG7iz"
console.warn: services.settings: Ignoring preference override of remote settings server
console.warn: services.settings: Allow by setting MOZ_REMOTE_SETTINGS_DEVTOOLS=1 in the environment
1683757699726	Marionette	INFO	Marionette enabled
Dynamically enable window occlusion 0
1683757699733	Marionette	INFO	Listening on port 53522
Read port: 53522
WebDriver BiDi listening on ws://127.0.0.1:53502
1683757700000	RemoteAgent	WARN	TLS certificate errors will be ignored for this session
[ERROR glean_core] Error setting metrics feature config: Json(Error("EOF while parsing a value", line: 1, column: 0))
DevTools listening on ws://127.0.0.1:53502/devtools/browser/fa14bf9b-032c-4f2b-a3f3-ccbeeafa0cf2
console.error: ({})
JavaScript warning: https://mc.yandex.ru/metrika/tag.js, line 14: WEBGL_debug_renderer_info is deprecated in Firefox and will be removed. Please use RENDERER.
1683757713557	Marionette	WARN	TimedPromise timed out after 500 ms: stacktrace:
TimedPromise/<@chrome://remote/content/marionette/sync.sys.mjs:221:24
TimedPromise@chrome://remote/content/marionette/sync.sys.mjs:205:10
interaction.flushEventLoop@chrome://remote/content/marionette/interaction.sys.mjs:424:10
webdriverClickElement@chrome://remote/content/marionette/interaction.sys.mjs:173:31
